{"C:\\programming\\Asteroids revisited\\src\\index.ts": {"path":"C:\\programming\\Asteroids revisited\\src\\index.ts","statementMap":{"0":{"start":{"line":1,"column":0},"end":{"line":1,"column":21}},"1":{"start":{"line":2,"column":0},"end":{"line":2,"column":30}},"2":{"start":{"line":3,"column":0},"end":{"line":3,"column":47}},"3":{"start":{"line":4,"column":0},"end":{"line":4,"column":42}},"4":{"start":{"line":5,"column":0},"end":{"line":5,"column":42}},"5":{"start":{"line":7,"column":0},"end":{"line":7,"column":null}},"6":{"start":{"line":8,"column":2},"end":{"line":8,"column":null}},"7":{"start":{"line":9,"column":2},"end":{"line":9,"column":null}},"8":{"start":{"line":10,"column":2},"end":{"line":10,"column":null}},"9":{"start":{"line":12,"column":0},"end":{"line":12,"column":null}},"10":{"start":{"line":13,"column":2},"end":{"line":13,"column":null}},"11":{"start":{"line":14,"column":2},"end":{"line":14,"column":null}},"12":{"start":{"line":15,"column":2},"end":{"line":15,"column":null}},"13":{"start":{"line":16,"column":2},"end":{"line":16,"column":null}},"14":{"start":{"line":17,"column":2},"end":{"line":17,"column":null}},"15":{"start":{"line":20,"column":11},"end":{"line":34,"column":2}},"16":{"start":{"line":26,"column":4},"end":{"line":26,"column":46}},"17":{"start":{"line":29,"column":4},"end":{"line":29,"column":46}},"18":{"start":{"line":32,"column":4},"end":{"line":32,"column":88}},"19":{"start":{"line":36,"column":15},"end":{"line":41,"column":null}},"20":{"start":{"line":50,"column":11},"end":{"line":50,"column":44}},"21":{"start":{"line":51,"column":0},"end":{"line":53,"column":43}},"22":{"start":{"line":51,"column":32},"end":{"line":51,"column":70}},"23":{"start":{"line":52,"column":5},"end":{"line":53,"column":43}},"24":{"start":{"line":52,"column":36},"end":{"line":52,"column":70}},"25":{"start":{"line":53,"column":5},"end":{"line":53,"column":43}},"26":{"start":{"line":55,"column":0},"end":{"line":55,"column":42}},"27":{"start":{"line":56,"column":0},"end":{"line":56,"column":25}},"28":{"start":{"line":58,"column":21},"end":{"line":61,"column":1}},"29":{"start":{"line":58,"column":22},"end":{"line":58,"column":null}},"30":{"start":{"line":59,"column":2},"end":{"line":59,"column":36}},"31":{"start":{"line":60,"column":2},"end":{"line":60,"column":38}},"32":{"start":{"line":63,"column":20},"end":{"line":67,"column":1}},"33":{"start":{"line":63,"column":21},"end":{"line":63,"column":null}},"34":{"start":{"line":64,"column":2},"end":{"line":64,"column":18}},"35":{"start":{"line":65,"column":2},"end":{"line":65,"column":41}},"36":{"start":{"line":66,"column":2},"end":{"line":66,"column":42}},"37":{"start":{"line":63,"column":13},"end":{"line":63,"column":20}},"38":{"start":{"line":70,"column":2},"end":{"line":70,"column":9}},"39":{"start":{"line":73,"column":2},"end":{"line":73,"column":17}},"40":{"start":{"line":76,"column":0},"end":{"line":76,"column":57}},"41":{"start":{"line":77,"column":0},"end":{"line":77,"column":61}}},"fnMap":{"0":{"name":"(anonymous_0)","decl":{"start":{"line":7,"column":0},"end":{"line":7,"column":5}},"loc":{"start":{"line":7,"column":15},"end":{"line":11,"column":1}}},"1":{"name":"(anonymous_1)","decl":{"start":{"line":12,"column":0},"end":{"line":12,"column":12}},"loc":{"start":{"line":12,"column":22},"end":{"line":18,"column":1}}},"2":{"name":"(anonymous_2)","decl":{"start":{"line":25,"column":2},"end":{"line":25,"column":6}},"loc":{"start":{"line":25,"column":12},"end":{"line":27,"column":3}}},"3":{"name":"(anonymous_3)","decl":{"start":{"line":28,"column":2},"end":{"line":28,"column":6}},"loc":{"start":{"line":28,"column":12},"end":{"line":30,"column":3}}},"4":{"name":"(anonymous_4)","decl":{"start":{"line":31,"column":2},"end":{"line":31,"column":6}},"loc":{"start":{"line":31,"column":14},"end":{"line":33,"column":3}}},"5":{"name":"(anonymous_5)","decl":{"start":{"line":58,"column":21},"end":{"line":58,"column":22}},"loc":{"start":{"line":58,"column":31},"end":{"line":61,"column":1}}},"6":{"name":"(anonymous_6)","decl":{"start":{"line":63,"column":20},"end":{"line":63,"column":21}},"loc":{"start":{"line":63,"column":30},"end":{"line":67,"column":1}}},"7":{"name":"loadEventHandler","decl":{"start":{"line":69,"column":9},"end":{"line":69,"column":25}},"loc":{"start":{"line":69,"column":32},"end":{"line":71,"column":1}}},"8":{"name":"resizeEventHandler","decl":{"start":{"line":72,"column":9},"end":{"line":72,"column":27}},"loc":{"start":{"line":72,"column":34},"end":{"line":74,"column":1}}}},"branchMap":{"0":{"loc":{"start":{"line":7,"column":5},"end":{"line":7,"column":null}},"type":"binary-expr","locations":[{"start":{"line":7,"column":5},"end":{"line":7,"column":15}},{"start":{"line":7,"column":5},"end":{"line":7,"column":null}}]},"1":{"loc":{"start":{"line":12,"column":12},"end":{"line":12,"column":null}},"type":"binary-expr","locations":[{"start":{"line":12,"column":12},"end":{"line":12,"column":22}},{"start":{"line":12,"column":12},"end":{"line":12,"column":null}}]},"2":{"loc":{"start":{"line":32,"column":11},"end":{"line":32,"column":87}},"type":"binary-expr","locations":[{"start":{"line":32,"column":11},"end":{"line":32,"column":45}},{"start":{"line":32,"column":49},"end":{"line":32,"column":87}}]},"3":{"loc":{"start":{"line":51,"column":0},"end":{"line":53,"column":43}},"type":"if","locations":[{"start":{"line":51,"column":0},"end":{"line":53,"column":43}},{"start":{"line":52,"column":5},"end":{"line":53,"column":43}}]},"4":{"loc":{"start":{"line":52,"column":5},"end":{"line":53,"column":43}},"type":"if","locations":[{"start":{"line":52,"column":5},"end":{"line":53,"column":43}},{"start":{"line":53,"column":5},"end":{"line":53,"column":43}}]},"5":{"loc":{"start":{"line":58,"column":22},"end":{"line":58,"column":null}},"type":"if","locations":[{"start":{"line":58,"column":22},"end":{"line":58,"column":null}}]},"6":{"loc":{"start":{"line":63,"column":21},"end":{"line":63,"column":null}},"type":"if","locations":[{"start":{"line":63,"column":21},"end":{"line":63,"column":null}}]}},"s":{"0":1,"1":1,"2":1,"3":1,"4":1,"5":1,"6":1,"7":1,"8":1,"9":1,"10":1,"11":1,"12":1,"13":1,"14":1,"15":1,"16":0,"17":0,"18":0,"19":1,"20":1,"21":1,"22":0,"23":1,"24":0,"25":1,"26":1,"27":1,"28":1,"29":1,"30":1,"31":1,"32":1,"33":1,"34":1,"35":1,"36":1,"37":1,"38":0,"39":0,"40":1,"41":1},"f":{"0":1,"1":1,"2":0,"3":0,"4":0,"5":1,"6":1,"7":0,"8":0},"b":{"0":[1,1],"1":[1,1],"2":[0,0],"3":[0,1],"4":[0,1],"5":[0],"6":[0]}}
,"C:\\programming\\Asteroids revisited\\src\\styleMock.js": {"path":"C:\\programming\\Asteroids revisited\\src\\styleMock.js","statementMap":{"0":{"start":{"line":1,"column":0},"end":{"line":1,"column":20}}},"fnMap":{},"branchMap":{},"s":{"0":1},"f":{},"b":{},"inputSourceMap":null,"_coverageSchema":"1a1c01bbd47fc00a2c39e90264f33305004495a9","hash":"03f47bd1ffa6de051b0fd3f2238331f561f0375b"}
,"C:\\programming\\Asteroids revisited\\src\\lib\\ecs.ts": {"path":"C:\\programming\\Asteroids revisited\\src\\lib\\ecs.ts","statementMap":{"0":{"start":{"line":6,"column":0},"end":{"line":6,"column":13}},"1":{"start":{"line":7,"column":21},"end":{"line":7,"column":31}},"2":{"start":{"line":9,"column":16},"end":{"line":17,"column":null}},"3":{"start":{"line":10,"column":4},"end":{"line":10,"column":29}},"4":{"start":{"line":10,"column":22},"end":{"line":10,"column":29}},"5":{"start":{"line":12,"column":19},"end":{"line":12,"column":38}},"6":{"start":{"line":13,"column":4},"end":{"line":15,"column":null}},"7":{"start":{"line":13,"column":45},"end":{"line":13,"column":51}},"8":{"start":{"line":13,"column":45},"end":{"line":13,"column":76}},"9":{"start":{"line":13,"column":15},"end":{"line":13,"column":16}},"10":{"start":{"line":13,"column":25},"end":{"line":13,"column":27}},"11":{"start":{"line":13,"column":40},"end":{"line":13,"column":41}},"12":{"start":{"line":14,"column":6},"end":{"line":14,"column":59}},"13":{"start":{"line":16,"column":4},"end":{"line":16,"column":18}},"14":{"start":{"line":18,"column":0},"end":{"line":18,"column":null}},"15":{"start":{"line":6,"column":13},"end":{"line":6,"column":19}},"16":{"start":{"line":20,"column":0},"end":{"line":20,"column":13}},"17":{"start":{"line":23,"column":74},"end":{"line":23,"column":null}},"18":{"start":{"line":23,"column":29},"end":{"line":23,"column":41}},"19":{"start":{"line":23,"column":51},"end":{"line":23,"column":64}},"20":{"start":{"line":23,"column":74},"end":{"line":23,"column":93}},"21":{"start":{"line":24,"column":4},"end":{"line":24,"column":38}},"22":{"start":{"line":27,"column":16},"end":{"line":32,"column":null}},"23":{"start":{"line":28,"column":22},"end":{"line":28,"column":91}},"24":{"start":{"line":29,"column":4},"end":{"line":29,"column":30}},"25":{"start":{"line":30,"column":4},"end":{"line":30,"column":27}},"26":{"start":{"line":31,"column":4},"end":{"line":31,"column":101}},"27":{"start":{"line":34,"column":9},"end":{"line":34,"column":null}},"28":{"start":{"line":21,"column":16},"end":{"line":21,"column":32}},"29":{"start":{"line":35,"column":0},"end":{"line":35,"column":null}},"30":{"start":{"line":20,"column":13},"end":{"line":20,"column":22}},"31":{"start":{"line":37,"column":0},"end":{"line":37,"column":13}},"32":{"start":{"line":40,"column":21},"end":{"line":40,"column":33}},"33":{"start":{"line":41,"column":4},"end":{"line":41,"column":32}},"34":{"start":{"line":44,"column":16},"end":{"line":46,"column":null}},"35":{"start":{"line":45,"column":4},"end":{"line":45,"column":30}},"36":{"start":{"line":48,"column":2},"end":{"line":50,"column":null}},"37":{"start":{"line":49,"column":4},"end":{"line":49,"column":37}},"38":{"start":{"line":52,"column":9},"end":{"line":52,"column":null}},"39":{"start":{"line":38,"column":16},"end":{"line":38,"column":53}},"40":{"start":{"line":53,"column":0},"end":{"line":53,"column":null}},"41":{"start":{"line":37,"column":13},"end":{"line":37,"column":19}}},"fnMap":{"0":{"name":"(anonymous_0)","decl":{"start":{"line":6,"column":0},"end":{"line":6,"column":13}},"loc":{"start":{"line":6,"column":0},"end":{"line":18,"column":null}}},"1":{"name":"Entity","decl":{"start":{"line":7,"column":2},"end":{"line":7,"column":21}},"loc":{"start":{"line":7,"column":31},"end":{"line":7,"column":35}}},"2":{"name":"(anonymous_2)","decl":{"start":{"line":9,"column":2},"end":{"line":9,"column":16}},"loc":{"start":{"line":9,"column":36},"end":{"line":17,"column":3}}},"3":{"name":"(anonymous_3)","decl":{"start":{"line":20,"column":0},"end":{"line":20,"column":13}},"loc":{"start":{"line":20,"column":0},"end":{"line":20,"column":13}}},"4":{"name":"Component","decl":{"start":{"line":23,"column":2},"end":{"line":23,"column":29}},"loc":{"start":{"line":23,"column":93},"end":{"line":25,"column":3}}},"5":{"name":"(anonymous_5)","decl":{"start":{"line":27,"column":2},"end":{"line":27,"column":16}},"loc":{"start":{"line":27,"column":68},"end":{"line":32,"column":3}}},"6":{"name":"(anonymous_6)","decl":{"start":{"line":34,"column":2},"end":{"line":34,"column":9}},"loc":{"start":{"line":34,"column":29},"end":{"line":34,"column":39}}},"7":{"name":"(anonymous_7)","decl":{"start":{"line":37,"column":0},"end":{"line":37,"column":13}},"loc":{"start":{"line":37,"column":0},"end":{"line":37,"column":13}}},"8":{"name":"System","decl":{"start":{"line":40,"column":2},"end":{"line":40,"column":21}},"loc":{"start":{"line":40,"column":33},"end":{"line":42,"column":3}}},"9":{"name":"(anonymous_9)","decl":{"start":{"line":44,"column":2},"end":{"line":44,"column":16}},"loc":{"start":{"line":44,"column":32},"end":{"line":46,"column":3}}},"10":{"name":"(anonymous_10)","decl":{"start":{"line":48,"column":2},"end":{"line":48,"column":15}},"loc":{"start":{"line":48,"column":30},"end":{"line":50,"column":3}}},"11":{"name":"(anonymous_11)","decl":{"start":{"line":52,"column":2},"end":{"line":52,"column":9}},"loc":{"start":{"line":52,"column":69},"end":{"line":52,"column":79}}}},"branchMap":{"0":{"loc":{"start":{"line":10,"column":4},"end":{"line":10,"column":29}},"type":"if","locations":[{"start":{"line":10,"column":4},"end":{"line":10,"column":29}}]},"1":{"loc":{"start":{"line":23,"column":74},"end":{"line":23,"column":null}},"type":"if","locations":[{"start":{"line":23,"column":74},"end":{"line":23,"column":null}}]},"2":{"loc":{"start":{"line":28,"column":22},"end":{"line":28,"column":91}},"type":"cond-expr","locations":[{"start":{"line":28,"column":37},"end":{"line":28,"column":69}},{"start":{"line":28,"column":72},"end":{"line":28,"column":91}}]},"3":{"loc":{"start":{"line":31,"column":46},"end":{"line":31,"column":97}},"type":"cond-expr","locations":[{"start":{"line":31,"column":70},"end":{"line":31,"column":85}},{"start":{"line":31,"column":88},"end":{"line":31,"column":97}}]}},"s":{"0":0,"1":0,"2":0,"3":0,"4":0,"5":0,"6":0,"7":0,"8":0,"9":0,"10":0,"11":0,"12":0,"13":0,"14":0,"15":0,"16":0,"17":0,"18":0,"19":0,"20":0,"21":0,"22":0,"23":0,"24":0,"25":0,"26":0,"27":0,"28":0,"29":0,"30":0,"31":0,"32":0,"33":0,"34":0,"35":0,"36":0,"37":0,"38":0,"39":0,"40":0,"41":0},"f":{"0":0,"1":0,"2":0,"3":0,"4":0,"5":0,"6":0,"7":0,"8":0,"9":0,"10":0,"11":0},"b":{"0":[0],"1":[0],"2":[0,0],"3":[0,0]}}
,"C:\\programming\\Asteroids revisited\\src\\states\\game.ts": {"path":"C:\\programming\\Asteroids revisited\\src\\states\\game.ts","statementMap":{"0":{"start":{"line":1,"column":0},"end":{"line":1,"column":47}},"1":{"start":{"line":3,"column":24},"end":{"line":3,"column":28}},"2":{"start":{"line":4,"column":23},"end":{"line":4,"column":29}},"3":{"start":{"line":6,"column":0},"end":{"line":6,"column":null}},"4":{"start":{"line":6,"column":31},"end":{"line":6,"column":36}},"5":{"start":{"line":18,"column":4},"end":{"line":18,"column":null}},"6":{"start":{"line":7,"column":2},"end":{"line":7,"column":43}},"7":{"start":{"line":8,"column":2},"end":{"line":8,"column":43}},"8":{"start":{"line":9,"column":2},"end":{"line":9,"column":32}},"9":{"start":{"line":10,"column":2},"end":{"line":10,"column":31}},"10":{"start":{"line":44,"column":2},"end":{"line":64,"column":4}},"11":{"start":{"line":45,"column":4},"end":{"line":48,"column":null}},"12":{"start":{"line":46,"column":6},"end":{"line":46,"column":32}},"13":{"start":{"line":47,"column":6},"end":{"line":47,"column":32}},"14":{"start":{"line":49,"column":22},"end":{"line":49,"column":56}},"15":{"start":{"line":50,"column":4},"end":{"line":50,"column":40}},"16":{"start":{"line":51,"column":4},"end":{"line":51,"column":39}},"17":{"start":{"line":53,"column":4},"end":{"line":57,"column":null}},"18":{"start":{"line":55,"column":6},"end":{"line":55,"column":38}},"19":{"start":{"line":56,"column":6},"end":{"line":56,"column":48}},"20":{"start":{"line":58,"column":4},"end":{"line":62,"column":null}},"21":{"start":{"line":60,"column":6},"end":{"line":60,"column":40}},"22":{"start":{"line":61,"column":6},"end":{"line":61,"column":46}},"23":{"start":{"line":63,"column":4},"end":{"line":63,"column":71}},"24":{"start":{"line":63,"column":27},"end":{"line":63,"column":71}},"25":{"start":{"line":20,"column":9},"end":{"line":26,"column":null}},"26":{"start":{"line":20,"column":33},"end":{"line":20,"column":47}},"27":{"start":{"line":21,"column":20},"end":{"line":21,"column":27}},"28":{"start":{"line":22,"column":4},"end":{"line":22,"column":29}},"29":{"start":{"line":24,"column":4},"end":{"line":24,"column":29}},"30":{"start":{"line":25,"column":4},"end":{"line":25,"column":48}},"31":{"start":{"line":28,"column":15},"end":{"line":34,"column":null}},"32":{"start":{"line":28,"column":34},"end":{"line":28,"column":48}},"33":{"start":{"line":29,"column":4},"end":{"line":29,"column":32}},"34":{"start":{"line":30,"column":4},"end":{"line":30,"column":30}},"35":{"start":{"line":31,"column":11},"end":{"line":31,"column":20}},"36":{"start":{"line":32,"column":4},"end":{"line":32,"column":35}},"37":{"start":{"line":36,"column":10},"end":{"line":42,"column":null}},"38":{"start":{"line":37,"column":4},"end":{"line":41,"column":6}},"39":{"start":{"line":38,"column":6},"end":{"line":40,"column":null}},"40":{"start":{"line":39,"column":8},"end":{"line":39,"column":18}},"41":{"start":{"line":11,"column":9},"end":{"line":11,"column":34}},"42":{"start":{"line":13,"column":9},"end":{"line":15,"column":4}},"43":{"start":{"line":65,"column":0},"end":{"line":65,"column":null}},"44":{"start":{"line":6,"column":13},"end":{"line":6,"column":22}}},"fnMap":{"0":{"name":"(anonymous_19)","decl":{"start":{"line":6,"column":0},"end":{"line":6,"column":13}},"loc":{"start":{"line":6,"column":0},"end":{"line":6,"column":13}}},"1":{"name":"PlayState","decl":{"start":{"line":17,"column":2},"end":{"line":17,"column":null}},"loc":{"start":{"line":17,"column":2},"end":{"line":19,"column":3}}},"2":{"name":"(anonymous_21)","decl":{"start":{"line":44,"column":20},"end":{"line":44,"column":21}},"loc":{"start":{"line":44,"column":38},"end":{"line":64,"column":3}}},"3":{"name":"(anonymous_22)","decl":{"start":{"line":20,"column":2},"end":{"line":20,"column":9}},"loc":{"start":{"line":20,"column":31},"end":{"line":26,"column":3}}},"4":{"name":"(anonymous_23)","decl":{"start":{"line":28,"column":2},"end":{"line":28,"column":15}},"loc":{"start":{"line":28,"column":32},"end":{"line":34,"column":null}}},"5":{"name":"(anonymous_26)","decl":{"start":{"line":36,"column":2},"end":{"line":36,"column":10}},"loc":{"start":{"line":36,"column":25},"end":{"line":42,"column":3}}},"6":{"name":"(anonymous_27)","decl":{"start":{"line":37,"column":29},"end":{"line":37,"column":36}},"loc":{"start":{"line":37,"column":36},"end":{"line":38,"column":16}}},"7":{"name":"(anonymous_28)","decl":{"start":{"line":38,"column":17},"end":{"line":38,"column":null}},"loc":{"start":{"line":38,"column":17},"end":{"line":40,"column":7}}}},"branchMap":{"0":{"loc":{"start":{"line":18,"column":4},"end":{"line":18,"column":null}},"type":"binary-expr","locations":[{"start":{"line":18,"column":4},"end":{"line":18,"column":17}},{"start":{"line":18,"column":17},"end":{"line":18,"column":null}}]},"1":{"loc":{"start":{"line":45,"column":4},"end":{"line":48,"column":null}},"type":"if","locations":[{"start":{"line":45,"column":4},"end":{"line":48,"column":null}}]},"2":{"loc":{"start":{"line":63,"column":4},"end":{"line":63,"column":71}},"type":"if","locations":[{"start":{"line":63,"column":4},"end":{"line":63,"column":71}}]}},"s":{"0":3,"1":3,"2":3,"3":3,"4":3,"5":3,"6":3,"7":3,"8":3,"9":3,"10":3,"11":0,"12":0,"13":0,"14":0,"15":0,"16":0,"17":0,"18":0,"19":0,"20":0,"21":0,"22":0,"23":0,"24":0,"25":3,"26":3,"27":1,"28":1,"29":1,"30":1,"31":3,"32":0,"33":0,"34":0,"35":0,"36":0,"37":3,"38":0,"39":0,"40":0,"41":3,"42":3,"43":3,"44":3},"f":{"0":3,"1":3,"2":0,"3":1,"4":0,"5":0,"6":0,"7":0},"b":{"0":[3,3],"1":[0],"2":[0]}}
,"C:\\programming\\Asteroids revisited\\src\\states\\gameState.ts": {"path":"C:\\programming\\Asteroids revisited\\src\\states\\gameState.ts","statementMap":{"0":{"start":{"line":1,"column":0},"end":{"line":1,"column":null}},"1":{"start":{"line":2,"column":9},"end":{"line":2,"column":58}},"2":{"start":{"line":3,"column":9},"end":{"line":3,"column":45}},"3":{"start":{"line":6,"column":9},"end":{"line":40,"column":null}},"4":{"start":{"line":6,"column":2},"end":{"line":6,"column":9}},"5":{"start":{"line":6,"column":16},"end":{"line":6,"column":33}},"6":{"start":{"line":7,"column":20},"end":{"line":7,"column":22}},"7":{"start":{"line":8,"column":16},"end":{"line":8,"column":18}},"8":{"start":{"line":11,"column":6},"end":{"line":15,"column":null}},"9":{"start":{"line":12,"column":8},"end":{"line":12,"column":26}},"10":{"start":{"line":17,"column":6},"end":{"line":30,"column":null}},"11":{"start":{"line":18,"column":8},"end":{"line":26,"column":null}},"12":{"start":{"line":20,"column":26},"end":{"line":20,"column":41}},"13":{"start":{"line":21,"column":12},"end":{"line":23,"column":null}},"14":{"start":{"line":22,"column":14},"end":{"line":22,"column":46}},"15":{"start":{"line":24,"column":12},"end":{"line":24,"column":59}},"16":{"start":{"line":25,"column":12},"end":{"line":25,"column":25}},"17":{"start":{"line":28,"column":8},"end":{"line":28,"column":19}},"18":{"start":{"line":31,"column":20},"end":{"line":31,"column":31}},"19":{"start":{"line":32,"column":6},"end":{"line":34,"column":null}},"20":{"start":{"line":33,"column":8},"end":{"line":33,"column":40}},"21":{"start":{"line":35,"column":6},"end":{"line":35,"column":53}},"22":{"start":{"line":36,"column":6},"end":{"line":36,"column":26}},"23":{"start":{"line":10,"column":4},"end":{"line":37,"column":null}},"24":{"start":{"line":10,"column":24},"end":{"line":10,"column":31}},"25":{"start":{"line":10,"column":20},"end":{"line":10,"column":24}},"26":{"start":{"line":10,"column":15},"end":{"line":10,"column":24}},"27":{"start":{"line":39,"column":4},"end":{"line":39,"column":19}},"28":{"start":{"line":42,"column":2},"end":{"line":74,"column":null}},"29":{"start":{"line":42,"column":2},"end":{"line":42,"column":5}},"30":{"start":{"line":42,"column":29},"end":{"line":42,"column":50}},"31":{"start":{"line":42,"column":50},"end":{"line":42,"column":66}},"32":{"start":{"line":43,"column":17},"end":{"line":43,"column":85}},"33":{"start":{"line":48,"column":4},"end":{"line":50,"column":null}},"34":{"start":{"line":49,"column":6},"end":{"line":49,"column":60}},"35":{"start":{"line":51,"column":4},"end":{"line":63,"column":null}},"36":{"start":{"line":52,"column":6},"end":{"line":62,"column":9}},"37":{"start":{"line":53,"column":8},"end":{"line":55,"column":null}},"38":{"start":{"line":54,"column":10},"end":{"line":54,"column":66}},"39":{"start":{"line":56,"column":8},"end":{"line":60,"column":null}},"40":{"start":{"line":57,"column":10},"end":{"line":59,"column":13}},"41":{"start":{"line":58,"column":12},"end":{"line":58,"column":41}},"42":{"start":{"line":61,"column":8},"end":{"line":61,"column":37}},"43":{"start":{"line":65,"column":4},"end":{"line":67,"column":null}},"44":{"start":{"line":66,"column":6},"end":{"line":66,"column":62}},"45":{"start":{"line":68,"column":4},"end":{"line":72,"column":null}},"46":{"start":{"line":69,"column":6},"end":{"line":71,"column":9}},"47":{"start":{"line":70,"column":8},"end":{"line":70,"column":37}},"48":{"start":{"line":73,"column":4},"end":{"line":73,"column":33}},"49":{"start":{"line":76,"column":2},"end":{"line":78,"column":null}},"50":{"start":{"line":76,"column":6},"end":{"line":76,"column":null}},"51":{"start":{"line":77,"column":4},"end":{"line":77,"column":44}},"52":{"start":{"line":79,"column":0},"end":{"line":79,"column":null}},"53":{"start":{"line":80,"column":13},"end":{"line":80,"column":44}},"54":{"start":{"line":82,"column":0},"end":{"line":82,"column":13}},"55":{"start":{"line":83,"column":49},"end":{"line":83,"column":71}},"56":{"start":{"line":83,"column":28},"end":{"line":83,"column":40}},"57":{"start":{"line":83,"column":49},"end":{"line":83,"column":68}},"58":{"start":{"line":84,"column":9},"end":{"line":84,"column":null}},"59":{"start":{"line":84,"column":33},"end":{"line":84,"column":47}},"60":{"start":{"line":85,"column":9},"end":{"line":85,"column":null}},"61":{"start":{"line":85,"column":28},"end":{"line":85,"column":42}},"62":{"start":{"line":86,"column":0},"end":{"line":86,"column":null}},"63":{"start":{"line":82,"column":13},"end":{"line":82,"column":18}}},"fnMap":{"0":{"name":"(anonymous_1)","decl":{"start":{"line":1,"column":0},"end":{"line":1,"column":null}},"loc":{"start":{"line":1,"column":0},"end":{"line":79,"column":null}}},"1":{"name":"StateMachine","decl":{"start":{"line":4,"column":2},"end":{"line":4,"column":17}},"loc":{"start":{"line":4,"column":2},"end":{"line":4,"column":18}}},"2":{"name":"(anonymous_3)","decl":{"start":{"line":6,"column":2},"end":{"line":6,"column":9}},"loc":{"start":{"line":6,"column":2},"end":{"line":40,"column":3}}},"3":{"name":"(anonymous_5)","decl":{"start":{"line":19,"column":23},"end":{"line":19,"column":27}},"loc":{"start":{"line":19,"column":27},"end":{"line":26,"column":11}}},"4":{"name":"(anonymous_6)","decl":{"start":{"line":42,"column":2},"end":{"line":42,"column":5}},"loc":{"start":{"line":42,"column":48},"end":{"line":74,"column":3}}},"5":{"name":"(anonymous_7)","decl":{"start":{"line":52,"column":26},"end":{"line":52,"column":null}},"loc":{"start":{"line":52,"column":26},"end":{"line":62,"column":7}}},"6":{"name":"(anonymous_8)","decl":{"start":{"line":57,"column":31},"end":{"line":57,"column":null}},"loc":{"start":{"line":57,"column":31},"end":{"line":59,"column":11}}},"7":{"name":"(anonymous_9)","decl":{"start":{"line":69,"column":27},"end":{"line":69,"column":null}},"loc":{"start":{"line":69,"column":27},"end":{"line":71,"column":7}}},"8":{"name":"(anonymous_10)","decl":{"start":{"line":76,"column":2},"end":{"line":76,"column":5}},"loc":{"start":{"line":76,"column":25},"end":{"line":78,"column":3}}},"9":{"name":"(anonymous_11)","decl":{"start":{"line":82,"column":0},"end":{"line":82,"column":13}},"loc":{"start":{"line":82,"column":0},"end":{"line":86,"column":null}}},"10":{"name":"State","decl":{"start":{"line":83,"column":2},"end":{"line":83,"column":28}},"loc":{"start":{"line":83,"column":68},"end":{"line":83,"column":72}}},"11":{"name":"(anonymous_13)","decl":{"start":{"line":84,"column":2},"end":{"line":84,"column":9}},"loc":{"start":{"line":84,"column":31},"end":{"line":84,"column":57}}},"12":{"name":"(anonymous_14)","decl":{"start":{"line":85,"column":2},"end":{"line":85,"column":9}},"loc":{"start":{"line":85,"column":26},"end":{"line":85,"column":52}}}},"branchMap":{"0":{"loc":{"start":{"line":11,"column":6},"end":{"line":15,"column":null}},"type":"if","locations":[{"start":{"line":11,"column":6},"end":{"line":15,"column":null}}]},"1":{"loc":{"start":{"line":17,"column":6},"end":{"line":30,"column":null}},"type":"if","locations":[{"start":{"line":17,"column":6},"end":{"line":30,"column":null}}]},"2":{"loc":{"start":{"line":21,"column":12},"end":{"line":23,"column":null}},"type":"if","locations":[{"start":{"line":21,"column":12},"end":{"line":23,"column":null}}]},"3":{"loc":{"start":{"line":32,"column":6},"end":{"line":34,"column":null}},"type":"if","locations":[{"start":{"line":32,"column":6},"end":{"line":34,"column":null}}]},"4":{"loc":{"start":{"line":42,"column":29},"end":{"line":42,"column":50}},"type":"if","locations":[{"start":{"line":42,"column":29},"end":{"line":42,"column":50}}]},"5":{"loc":{"start":{"line":43,"column":17},"end":{"line":43,"column":85}},"type":"cond-expr","locations":[{"start":{"line":43,"column":45},"end":{"line":43,"column":77}},{"start":{"line":43,"column":80},"end":{"line":43,"column":85}}]},"6":{"loc":{"start":{"line":48,"column":4},"end":{"line":50,"column":null}},"type":"if","locations":[{"start":{"line":48,"column":4},"end":{"line":50,"column":null}}]},"7":{"loc":{"start":{"line":51,"column":4},"end":{"line":63,"column":null}},"type":"if","locations":[{"start":{"line":51,"column":4},"end":{"line":63,"column":null}}]},"8":{"loc":{"start":{"line":53,"column":8},"end":{"line":55,"column":null}},"type":"if","locations":[{"start":{"line":53,"column":8},"end":{"line":55,"column":null}}]},"9":{"loc":{"start":{"line":56,"column":8},"end":{"line":60,"column":null}},"type":"if","locations":[{"start":{"line":56,"column":8},"end":{"line":60,"column":null}}]},"10":{"loc":{"start":{"line":65,"column":4},"end":{"line":67,"column":null}},"type":"if","locations":[{"start":{"line":65,"column":4},"end":{"line":67,"column":null}}]},"11":{"loc":{"start":{"line":68,"column":4},"end":{"line":72,"column":null}},"type":"if","locations":[{"start":{"line":68,"column":4},"end":{"line":72,"column":null}}]},"12":{"loc":{"start":{"line":76,"column":6},"end":{"line":76,"column":null}},"type":"if","locations":[{"start":{"line":76,"column":6},"end":{"line":76,"column":null}}]},"13":{"loc":{"start":{"line":83,"column":49},"end":{"line":83,"column":71}},"type":"if","locations":[{"start":{"line":83,"column":49},"end":{"line":83,"column":71}}]}},"s":{"0":4,"1":4,"2":4,"3":4,"4":5,"5":23,"6":5,"7":5,"8":13,"9":4,"10":9,"11":1,"12":4,"13":4,"14":0,"15":4,"16":4,"17":1,"18":8,"19":8,"20":4,"21":8,"22":8,"23":5,"24":10,"25":13,"26":13,"27":5,"28":4,"29":11,"30":17,"31":27,"32":11,"33":11,"34":7,"35":11,"36":3,"37":1,"38":1,"39":1,"40":0,"41":0,"42":1,"43":8,"44":8,"45":8,"46":1,"47":1,"48":7,"49":4,"50":18,"51":9,"52":4,"53":4,"54":4,"55":24,"56":12,"57":12,"58":4,"59":10,"60":4,"61":8,"62":4,"63":4},"f":{"0":4,"1":4,"2":5,"3":4,"4":11,"5":1,"6":0,"7":1,"8":9,"9":4,"10":12,"11":5,"12":4},"b":{"0":[4],"1":[1],"2":[0],"3":[4],"4":[6],"5":[11,0],"6":[7],"7":[3],"8":[1],"9":[0],"10":[8],"11":[1],"12":[9],"13":[12]}}
,"C:\\programming\\Asteroids revisited\\src\\states\\menu.ts": {"path":"C:\\programming\\Asteroids revisited\\src\\states\\menu.ts","statementMap":{"0":{"start":{"line":1,"column":0},"end":{"line":1,"column":47}},"1":{"start":{"line":3,"column":0},"end":{"line":3,"column":null}},"2":{"start":{"line":3,"column":31},"end":{"line":3,"column":36}},"3":{"start":{"line":13,"column":4},"end":{"line":13,"column":null}},"4":{"start":{"line":16,"column":9},"end":{"line":24,"column":null}},"5":{"start":{"line":16,"column":33},"end":{"line":16,"column":47}},"6":{"start":{"line":17,"column":20},"end":{"line":17,"column":27}},"7":{"start":{"line":18,"column":4},"end":{"line":18,"column":29}},"8":{"start":{"line":21,"column":4},"end":{"line":23,"column":13}},"9":{"start":{"line":22,"column":6},"end":{"line":22,"column":46}},"10":{"start":{"line":26,"column":15},"end":{"line":31,"column":null}},"11":{"start":{"line":26,"column":34},"end":{"line":26,"column":48}},"12":{"start":{"line":27,"column":11},"end":{"line":27,"column":20}},"13":{"start":{"line":28,"column":4},"end":{"line":28,"column":35}},"14":{"start":{"line":30,"column":4},"end":{"line":30,"column":26}},"15":{"start":{"line":33,"column":10},"end":{"line":39,"column":null}},"16":{"start":{"line":34,"column":4},"end":{"line":38,"column":6}},"17":{"start":{"line":35,"column":6},"end":{"line":37,"column":null}},"18":{"start":{"line":36,"column":8},"end":{"line":36,"column":18}},"19":{"start":{"line":4,"column":9},"end":{"line":11,"column":4}},"20":{"start":{"line":40,"column":0},"end":{"line":40,"column":null}},"21":{"start":{"line":3,"column":13},"end":{"line":3,"column":22}}},"fnMap":{"0":{"name":"(anonymous_19)","decl":{"start":{"line":3,"column":0},"end":{"line":3,"column":13}},"loc":{"start":{"line":3,"column":0},"end":{"line":3,"column":13}}},"1":{"name":"MenuState","decl":{"start":{"line":12,"column":2},"end":{"line":12,"column":null}},"loc":{"start":{"line":12,"column":2},"end":{"line":14,"column":3}}},"2":{"name":"(anonymous_21)","decl":{"start":{"line":16,"column":2},"end":{"line":16,"column":9}},"loc":{"start":{"line":16,"column":31},"end":{"line":24,"column":3}}},"3":{"name":"(anonymous_22)","decl":{"start":{"line":21,"column":15},"end":{"line":21,"column":null}},"loc":{"start":{"line":21,"column":15},"end":{"line":23,"column":5}}},"4":{"name":"(anonymous_23)","decl":{"start":{"line":26,"column":2},"end":{"line":26,"column":15}},"loc":{"start":{"line":26,"column":32},"end":{"line":31,"column":null}}},"5":{"name":"(anonymous_26)","decl":{"start":{"line":33,"column":2},"end":{"line":33,"column":10}},"loc":{"start":{"line":33,"column":25},"end":{"line":39,"column":3}}},"6":{"name":"(anonymous_27)","decl":{"start":{"line":34,"column":29},"end":{"line":34,"column":36}},"loc":{"start":{"line":34,"column":36},"end":{"line":35,"column":16}}},"7":{"name":"(anonymous_28)","decl":{"start":{"line":35,"column":17},"end":{"line":35,"column":null}},"loc":{"start":{"line":35,"column":17},"end":{"line":37,"column":7}}}},"branchMap":{"0":{"loc":{"start":{"line":13,"column":4},"end":{"line":13,"column":null}},"type":"binary-expr","locations":[{"start":{"line":13,"column":4},"end":{"line":13,"column":17}},{"start":{"line":13,"column":17},"end":{"line":13,"column":null}}]}},"s":{"0":2,"1":2,"2":2,"3":2,"4":2,"5":6,"6":2,"7":2,"8":2,"9":0,"10":2,"11":6,"12":2,"13":2,"14":2,"15":2,"16":2,"17":2,"18":0,"19":2,"20":2,"21":2},"f":{"0":2,"1":2,"2":2,"3":0,"4":2,"5":2,"6":2,"7":0},"b":{"0":[2,2]}}
,"C:\\programming\\Asteroids revisited\\src\\types\\index.d.ts": {"path":"C:\\programming\\Asteroids revisited\\src\\types\\index.d.ts","statementMap":{},"fnMap":{},"branchMap":{},"s":{},"f":{},"b":{}}
}
