TN:
SF:src\index.ts
FN:7,(anonymous_0)
FN:12,(anonymous_1)
FN:25,(anonymous_2)
FN:28,(anonymous_3)
FN:31,(anonymous_4)
FN:58,(anonymous_5)
FN:63,(anonymous_6)
FN:69,loadEventHandler
FN:72,resizeEventHandler
FNF:9
FNH:8
FNDA:2,(anonymous_0)
FNDA:2,(anonymous_1)
FNDA:237,(anonymous_2)
FNDA:159,(anonymous_3)
FNDA:80,(anonymous_4)
FNDA:2,(anonymous_5)
FNDA:2,(anonymous_6)
FNDA:1,loadEventHandler
FNDA:0,resizeEventHandler
DA:1,2
DA:2,2
DA:3,2
DA:4,2
DA:5,2
DA:7,2
DA:8,2
DA:9,2
DA:10,2
DA:12,2
DA:13,2
DA:14,2
DA:15,2
DA:16,2
DA:17,2
DA:20,2
DA:26,237
DA:29,159
DA:32,80
DA:36,2
DA:50,2
DA:51,2
DA:52,2
DA:53,2
DA:55,2
DA:56,2
DA:58,2
DA:59,2
DA:60,2
DA:63,3
DA:64,2
DA:65,2
DA:66,2
DA:70,1
DA:73,0
DA:76,2
DA:77,2
LF:37
LH:36
BRDA:7,0,0,2
BRDA:7,0,1,2
BRDA:12,1,0,2
BRDA:12,1,1,2
BRDA:32,2,0,80
BRDA:32,2,1,80
BRDA:51,3,0,0
BRDA:51,3,1,2
BRDA:52,4,0,0
BRDA:52,4,1,2
BRDA:58,5,0,0
BRDA:63,6,0,1
BRF:12
BRH:9
end_of_record
TN:
SF:src\styleMock.js
FNF:0
FNH:0
DA:1,2
LF:1
LH:1
BRF:0
BRH:0
end_of_record
TN:
SF:src\states\game.ts
FN:3,(anonymous_19)
FN:10,PlayState
FN:13,(anonymous_21)
FN:19,(anonymous_22)
FN:24,(anonymous_23)
FN:32,(anonymous_26)
FN:33,(anonymous_27)
FN:34,(anonymous_28)
FNF:8
FNH:8
FNDA:2,(anonymous_19)
FNDA:3,PlayState
FNDA:2,(anonymous_21)
FNDA:2,(anonymous_22)
FNDA:2,(anonymous_23)
FNDA:2,(anonymous_26)
FNDA:2,(anonymous_27)
FNDA:1,(anonymous_28)
DA:1,2
DA:3,2
DA:4,2
DA:11,3
DA:13,6
DA:14,2
DA:15,2
DA:16,2
DA:19,2
DA:20,2
DA:24,6
DA:25,2
DA:26,2
DA:27,2
DA:29,3
DA:32,2
DA:33,2
DA:34,2
DA:35,1
DA:39,2
LF:20
LH:20
BRDA:11,0,0,3
BRDA:11,0,1,3
BRF:2
BRH:2
end_of_record
TN:
SF:src\states\gameState.ts
FN:1,(anonymous_1)
FN:4,StateMachine
FN:6,(anonymous_3)
FN:19,(anonymous_5)
FN:42,(anonymous_6)
FN:52,(anonymous_7)
FN:57,(anonymous_8)
FN:69,(anonymous_9)
FN:76,(anonymous_10)
FN:82,(anonymous_11)
FN:83,State
FN:84,(anonymous_13)
FN:85,(anonymous_14)
FNF:13
FNH:12
FNDA:3,(anonymous_1)
FNDA:3,StateMachine
FNDA:5,(anonymous_3)
FNDA:4,(anonymous_5)
FNDA:13,(anonymous_6)
FNDA:5,(anonymous_7)
FNDA:0,(anonymous_8)
FNDA:1,(anonymous_9)
FNDA:10,(anonymous_10)
FNDA:3,(anonymous_11)
FNDA:13,State
FNDA:5,(anonymous_13)
FNDA:4,(anonymous_14)
DA:1,3
DA:2,3
DA:3,3
DA:6,24
DA:7,5
DA:8,5
DA:10,14
DA:11,14
DA:12,4
DA:17,10
DA:18,1
DA:20,4
DA:21,4
DA:22,0
DA:24,4
DA:25,4
DA:28,1
DA:31,9
DA:32,9
DA:33,3
DA:35,9
DA:36,9
DA:39,5
DA:42,33
DA:43,13
DA:48,13
DA:49,10
DA:51,13
DA:52,6
DA:53,5
DA:54,5
DA:56,5
DA:57,0
DA:58,0
DA:61,5
DA:65,7
DA:66,7
DA:68,7
DA:69,1
DA:70,1
DA:73,6
DA:76,20
DA:77,10
DA:79,3
DA:80,3
DA:82,3
DA:83,26
DA:84,10
DA:85,8
DA:86,3
LF:50
LH:47
BRDA:11,0,0,4
BRDA:17,1,0,1
BRDA:21,2,0,0
BRDA:32,3,0,3
BRDA:42,4,0,6
BRDA:43,5,0,13
BRDA:43,5,1,0
BRDA:48,6,0,10
BRDA:51,7,0,6
BRDA:53,8,0,5
BRDA:56,9,0,0
BRDA:65,10,0,7
BRDA:68,11,0,1
BRDA:76,12,0,10
BRDA:83,13,0,13
BRF:15
BRH:12
end_of_record
TN:
SF:src\states\menu.ts
FN:3,(anonymous_19)
FN:12,MenuState
FN:16,(anonymous_21)
FN:22,(anonymous_22)
FN:27,(anonymous_23)
FN:35,(anonymous_26)
FN:36,(anonymous_27)
FN:37,(anonymous_28)
FNF:8
FNH:8
FNDA:2,(anonymous_19)
FNDA:3,MenuState
FNDA:4,(anonymous_21)
FNDA:2,(anonymous_22)
FNDA:3,(anonymous_23)
FNDA:3,(anonymous_26)
FNDA:3,(anonymous_27)
FNDA:3,(anonymous_28)
DA:1,2
DA:3,2
DA:4,2
DA:13,3
DA:16,12
DA:17,4
DA:18,4
DA:19,4
DA:22,4
DA:23,2
DA:27,9
DA:28,3
DA:29,3
DA:30,3
DA:32,6
DA:35,2
DA:36,3
DA:37,3
DA:38,3
DA:42,2
LF:20
LH:20
BRDA:13,0,0,3
BRDA:13,0,1,3
BRF:2
BRH:2
end_of_record
TN:
SF:src\types\index.d.ts
FNF:0
FNH:0
LF:0
LH:0
BRF:0
BRH:0
end_of_record
