TN:
SF:src\index.ts
FN:7,(anonymous_0)
FN:12,(anonymous_1)
FN:25,(anonymous_2)
FN:28,(anonymous_3)
FN:31,(anonymous_4)
FN:58,(anonymous_5)
FN:63,(anonymous_6)
FN:69,loadEventHandler
FN:72,resizeEventHandler
FNF:9
FNH:4
FNDA:1,(anonymous_0)
FNDA:1,(anonymous_1)
FNDA:0,(anonymous_2)
FNDA:0,(anonymous_3)
FNDA:0,(anonymous_4)
FNDA:1,(anonymous_5)
FNDA:1,(anonymous_6)
FNDA:0,loadEventHandler
FNDA:0,resizeEventHandler
DA:1,1
DA:2,1
DA:3,1
DA:4,1
DA:5,1
DA:7,1
DA:8,1
DA:9,1
DA:10,1
DA:12,1
DA:13,1
DA:14,1
DA:15,1
DA:16,1
DA:17,1
DA:20,1
DA:26,0
DA:29,0
DA:32,0
DA:36,1
DA:50,1
DA:51,1
DA:52,1
DA:53,1
DA:55,1
DA:56,1
DA:58,1
DA:59,1
DA:60,1
DA:63,1
DA:64,1
DA:65,1
DA:66,1
DA:70,0
DA:73,0
DA:76,1
DA:77,1
LF:37
LH:32
BRDA:7,0,0,1
BRDA:7,0,1,1
BRDA:12,1,0,1
BRDA:12,1,1,1
BRDA:32,2,0,0
BRDA:32,2,1,0
BRDA:51,3,0,0
BRDA:51,3,1,1
BRDA:52,4,0,0
BRDA:52,4,1,1
BRDA:58,5,0,0
BRDA:63,6,0,0
BRF:12
BRH:6
end_of_record
TN:
SF:src\styleMock.js
FNF:0
FNH:0
DA:1,1
LF:1
LH:1
BRF:0
BRH:0
end_of_record
TN:
SF:src\states\game.ts
FN:4,(anonymous_19)
FN:11,PlayState
FN:14,(anonymous_21)
FN:20,(anonymous_22)
FN:25,(anonymous_23)
FN:32,(anonymous_26)
FN:33,(anonymous_27)
FN:34,(anonymous_28)
FNF:8
FNH:2
FNDA:1,(anonymous_19)
FNDA:1,PlayState
FNDA:0,(anonymous_21)
FNDA:0,(anonymous_22)
FNDA:0,(anonymous_23)
FNDA:0,(anonymous_26)
FNDA:0,(anonymous_27)
FNDA:0,(anonymous_28)
DA:1,1
DA:2,1
DA:4,1
DA:5,1
DA:12,1
DA:14,1
DA:15,0
DA:17,0
DA:20,0
DA:21,0
DA:25,1
DA:26,0
DA:27,0
DA:29,0
DA:32,1
DA:33,0
DA:34,0
DA:35,0
DA:39,1
LF:19
LH:9
BRDA:12,0,0,1
BRDA:12,0,1,1
BRF:2
BRH:2
end_of_record
TN:
SF:src\states\gameState.ts
FN:1,(anonymous_1)
FN:4,StateMachine
FN:6,(anonymous_3)
FN:19,(anonymous_5)
FN:42,(anonymous_6)
FN:52,(anonymous_7)
FN:57,(anonymous_8)
FN:69,(anonymous_9)
FN:76,(anonymous_10)
FN:82,(anonymous_11)
FN:83,State
FN:84,(anonymous_13)
FN:85,(anonymous_14)
FNF:13
FNH:12
FNDA:2,(anonymous_1)
FNDA:2,StateMachine
FNDA:3,(anonymous_3)
FNDA:4,(anonymous_5)
FNDA:7,(anonymous_6)
FNDA:1,(anonymous_7)
FNDA:0,(anonymous_8)
FNDA:1,(anonymous_9)
FNDA:6,(anonymous_10)
FNDA:2,(anonymous_11)
FNDA:9,State
FNDA:5,(anonymous_13)
FNDA:4,(anonymous_14)
DA:1,2
DA:2,2
DA:3,2
DA:6,16
DA:7,3
DA:8,3
DA:10,10
DA:11,10
DA:12,4
DA:17,6
DA:18,1
DA:20,4
DA:21,4
DA:22,0
DA:24,4
DA:25,4
DA:28,1
DA:31,5
DA:32,5
DA:33,2
DA:35,5
DA:36,5
DA:39,3
DA:42,14
DA:43,7
DA:48,7
DA:49,5
DA:51,7
DA:52,1
DA:53,1
DA:54,1
DA:56,1
DA:57,0
DA:58,0
DA:61,1
DA:65,6
DA:66,6
DA:68,6
DA:69,1
DA:70,1
DA:73,5
DA:76,12
DA:77,6
DA:79,2
DA:80,2
DA:82,2
DA:83,18
DA:84,10
DA:85,8
DA:86,2
LF:50
LH:47
BRDA:11,0,0,4
BRDA:17,1,0,1
BRDA:21,2,0,0
BRDA:32,3,0,2
BRDA:42,4,0,7
BRDA:43,5,0,7
BRDA:43,5,1,0
BRDA:48,6,0,5
BRDA:51,7,0,1
BRDA:53,8,0,1
BRDA:56,9,0,0
BRDA:65,10,0,6
BRDA:68,11,0,1
BRDA:76,12,0,6
BRDA:83,13,0,9
BRF:15
BRH:12
end_of_record
TN:
SF:src\states\menu.ts
FN:4,(anonymous_19)
FN:13,MenuState
FN:17,(anonymous_21)
FN:23,(anonymous_22)
FN:28,(anonymous_23)
FN:36,(anonymous_26)
FN:37,(anonymous_27)
FN:38,(anonymous_28)
FNF:8
FNH:3
FNDA:1,(anonymous_19)
FNDA:1,MenuState
FNDA:1,(anonymous_21)
FNDA:0,(anonymous_22)
FNDA:0,(anonymous_23)
FNDA:0,(anonymous_26)
FNDA:0,(anonymous_27)
FNDA:0,(anonymous_28)
DA:1,1
DA:2,1
DA:4,1
DA:5,1
DA:14,1
DA:17,2
DA:18,1
DA:20,1
DA:23,1
DA:24,0
DA:28,1
DA:29,0
DA:31,0
DA:33,0
DA:36,1
DA:37,0
DA:38,0
DA:39,0
DA:43,1
LF:19
LH:12
BRDA:14,0,0,1
BRDA:14,0,1,1
BRF:2
BRH:2
end_of_record
TN:
SF:src\types\index.d.ts
FNF:0
FNH:0
LF:0
LH:0
BRF:0
BRH:0
end_of_record
